<?xml version="1.0" encoding="UTF-8"?>
<!-- Generated by org.testng.reporters.JUnitXMLReporter -->
<testsuite ignored="0" hostname="LAPTOP-0TF6NH5R" failures="1" tests="1" name="Test" time="13.316" errors="0" timestamp="2025-08-22T08:14:48 IST">
  <testcase classname="testCases.T2_loginaccout" name="verifylogin" time="10.57">
    <failure type="java.lang.AssertionError" message="null">
      <![CDATA[java.lang.AssertionError: null
at testCases.T2_loginaccout.verifylogin(T2_loginaccout.java:43)
at java.base/java.util.ArrayList.forEach(ArrayList.java:1596)
... Removed 27 stack frames]]>
    </failure>
  </testcase> <!-- verifylogin -->
</testsuite> <!-- Test -->
