<?xml version="1.0" encoding="UTF-8"?>
<testng-results ignored="0" total="1" passed="1" failed="0" skipped="0">
  <reporter-output>
  </reporter-output>
  <suite started-at="2025-08-22T19:46:14 IST" name="Suite" finished-at="2025-08-22T19:46:22 IST" duration-ms="7822">
    <groups>
      <group name="Master">
        <method signature="T2_loginaccout.verifylogin()[pri:0, instance:testCases.T2_loginaccout@4fc5e095]" name="verifylogin" class="testCases.T2_loginaccout"/>
      </group> <!-- Master -->
      <group name="Sanity">
        <method signature="T2_loginaccout.verifylogin()[pri:0, instance:testCases.T2_loginaccout@4fc5e095]" name="verifylogin" class="testCases.T2_loginaccout"/>
      </group> <!-- Sanity -->
    </groups>
    <test started-at="2025-08-22T19:46:14 IST" name="Test" finished-at="2025-08-22T19:46:22 IST" duration-ms="7822">
      <class name="testCases.T2_loginaccout">
        <test-method is-config="true" signature="setUp(java.lang.String,java.lang.String)[pri:0, instance:testCases.T2_loginaccout@4fc5e095]" started-at="2025-08-22T19:46:14 IST" name="setUp" finished-at="2025-08-22T19:46:20 IST" duration-ms="5711" status="PASS">
          <params>
            <param index="0">
              <value>
                <![CDATA[windows]]>
              </value>
            </param>
            <param index="1">
              <value>
                <![CDATA[chrome]]>
              </value>
            </param>
          </params>
          <reporter-output>
          </reporter-output>
        </test-method> <!-- setUp -->
        <test-method signature="verifylogin()[pri:0, instance:testCases.T2_loginaccout@4fc5e095]" started-at="2025-08-22T19:46:20 IST" name="verifylogin" finished-at="2025-08-22T19:46:21 IST" duration-ms="1684" status="PASS">
          <reporter-output>
          </reporter-output>
        </test-method> <!-- verifylogin -->
        <test-method is-config="true" signature="tearDown()[pri:0, instance:testCases.T2_loginaccout@4fc5e095]" started-at="2025-08-22T19:46:21 IST" name="tearDown" finished-at="2025-08-22T19:46:22 IST" duration-ms="134" status="PASS">
          <reporter-output>
          </reporter-output>
        </test-method> <!-- tearDown -->
      </class> <!-- testCases.T2_loginaccout -->
    </test> <!-- Test -->
  </suite> <!-- Suite -->
</testng-results>
